<?xml version="1.0" encoding="UTF-8"?>
<testsuite xmlns:xsi="http://www.w3.org/2001/XMLSchema-instance" xsi:noNamespaceSchemaLocation="https://maven.apache.org/surefire/maven-surefire-plugin/xsd/surefire-test-report-3.0.xsd" version="3.0" name="TestRunner.Runner" time="156.946" tests="8" errors="0" skipped="0" failures="0">
  <properties>
    <property name="java.specification.version" value="17"/>
    <property name="sun.cpu.isalist" value="amd64"/>
    <property name="sun.jnu.encoding" value="Cp1252"/>
    <property name="java.class.path" value="C:\Users\gowtham.n\IdeaProjects\WindowsDriver\target\test-classes;C:\Users\gowtham.n\IdeaProjects\WindowsDriver\target\classes;C:\Users\gowtham.n\.m2\repository\org\seleniumhq\selenium\selenium-java\3.141.5\selenium-java-3.141.5.jar;C:\Users\gowtham.n\.m2\repository\org\seleniumhq\selenium\selenium-api\3.141.5\selenium-api-3.141.5.jar;C:\Users\gowtham.n\.m2\repository\org\seleniumhq\selenium\selenium-chrome-driver\3.141.5\selenium-chrome-driver-3.141.5.jar;C:\Users\gowtham.n\.m2\repository\org\seleniumhq\selenium\selenium-edge-driver\3.141.5\selenium-edge-driver-3.141.5.jar;C:\Users\gowtham.n\.m2\repository\org\seleniumhq\selenium\selenium-firefox-driver\3.141.5\selenium-firefox-driver-3.141.5.jar;C:\Users\gowtham.n\.m2\repository\org\seleniumhq\selenium\selenium-ie-driver\3.141.5\selenium-ie-driver-3.141.5.jar;C:\Users\gowtham.n\.m2\repository\org\seleniumhq\selenium\selenium-opera-driver\3.141.5\selenium-opera-driver-3.141.5.jar;C:\Users\gowtham.n\.m2\repository\org\seleniumhq\selenium\selenium-remote-driver\3.141.5\selenium-remote-driver-3.141.5.jar;C:\Users\gowtham.n\.m2\repository\org\seleniumhq\selenium\selenium-safari-driver\3.141.5\selenium-safari-driver-3.141.5.jar;C:\Users\gowtham.n\.m2\repository\org\seleniumhq\selenium\selenium-support\3.141.5\selenium-support-3.141.5.jar;C:\Users\gowtham.n\.m2\repository\net\bytebuddy\byte-buddy\1.8.15\byte-buddy-1.8.15.jar;C:\Users\gowtham.n\.m2\repository\org\apache\commons\commons-exec\1.3\commons-exec-1.3.jar;C:\Users\gowtham.n\.m2\repository\com\google\guava\guava\25.0-jre\guava-25.0-jre.jar;C:\Users\gowtham.n\.m2\repository\com\google\code\findbugs\jsr305\1.3.9\jsr305-1.3.9.jar;C:\Users\gowtham.n\.m2\repository\org\checkerframework\checker-compat-qual\2.0.0\checker-compat-qual-2.0.0.jar;C:\Users\gowtham.n\.m2\repository\com\google\errorprone\error_prone_annotations\2.1.3\error_prone_annotations-2.1.3.jar;C:\Users\gowtham.n\.m2\repository\com\google\j2objc\j2objc-annotations\1.1\j2objc-annotations-1.1.jar;C:\Users\gowtham.n\.m2\repository\org\codehaus\mojo\animal-sniffer-annotations\1.14\animal-sniffer-annotations-1.14.jar;C:\Users\gowtham.n\.m2\repository\com\squareup\okhttp3\okhttp\3.11.0\okhttp-3.11.0.jar;C:\Users\gowtham.n\.m2\repository\com\squareup\okio\okio\1.14.0\okio-1.14.0.jar;C:\Users\gowtham.n\.m2\repository\org\testng\testng\7.7.1\testng-7.7.1.jar;C:\Users\gowtham.n\.m2\repository\org\slf4j\slf4j-api\1.7.36\slf4j-api-1.7.36.jar;C:\Users\gowtham.n\.m2\repository\com\beust\jcommander\1.82\jcommander-1.82.jar;C:\Users\gowtham.n\.m2\repository\org\webjars\jquery\3.6.1\jquery-3.6.1.jar;C:\Users\gowtham.n\.m2\repository\io\cucumber\cucumber-java\5.7.0\cucumber-java-5.7.0.jar;C:\Users\gowtham.n\.m2\repository\org\apiguardian\apiguardian-api\1.1.0\apiguardian-api-1.1.0.jar;C:\Users\gowtham.n\.m2\repository\io\cucumber\cucumber-testng\5.7.0\cucumber-testng-5.7.0.jar;C:\Users\gowtham.n\.m2\repository\io\cucumber\cucumber-core\5.7.0\cucumber-core-5.7.0.jar;C:\Users\gowtham.n\.m2\repository\io\cucumber\cucumber-gherkin\5.7.0\cucumber-gherkin-5.7.0.jar;C:\Users\gowtham.n\.m2\repository\io\cucumber\cucumber-gherkin-vintage\5.7.0\cucumber-gherkin-vintage-5.7.0.jar;C:\Users\gowtham.n\.m2\repository\io\cucumber\tag-expressions\2.0.4\tag-expressions-2.0.4.jar;C:\Users\gowtham.n\.m2\repository\io\cucumber\cucumber-expressions\8.3.1\cucumber-expressions-8.3.1.jar;C:\Users\gowtham.n\.m2\repository\io\cucumber\datatable\3.3.1\datatable-3.3.1.jar;C:\Users\gowtham.n\.m2\repository\io\cucumber\cucumber-plugin\5.7.0\cucumber-plugin-5.7.0.jar;C:\Users\gowtham.n\.m2\repository\io\cucumber\docstring\5.7.0\docstring-5.7.0.jar;C:\Users\gowtham.n\.m2\repository\io\qameta\allure\allure-cucumber5-jvm\2.21.0\allure-cucumber5-jvm-2.21.0.jar;C:\Users\gowtham.n\.m2\repository\io\qameta\allure\allure-java-commons\2.21.0\allure-java-commons-2.21.0.jar;C:\Users\gowtham.n\.m2\repository\io\qameta\allure\allure-model\2.21.0\allure-model-2.21.0.jar;C:\Users\gowtham.n\.m2\repository\io\cucumber\gherkin\5.1.0\gherkin-5.1.0.jar;C:\Users\gowtham.n\.m2\repository\io\cucumber\gherkin-jvm-deps\1.0.4\gherkin-jvm-deps-1.0.4.jar;C:\Users\gowtham.n\.m2\repository\org\aspectj\aspectjweaver\1.9.19\aspectjweaver-1.9.19.jar;C:\Users\gowtham.n\.m2\repository\io\qameta\allure\allure-testng\2.21.0\allure-testng-2.21.0.jar;C:\Users\gowtham.n\.m2\repository\io\qameta\allure\allure-test-filter\2.21.0\allure-test-filter-2.21.0.jar;C:\Users\gowtham.n\.m2\repository\io\cucumber\cucumber-junit\7.11.0\cucumber-junit-7.11.0.jar;C:\Users\gowtham.n\.m2\repository\io\appium\java-client\7.3.0\java-client-7.3.0.jar;C:\Users\gowtham.n\.m2\repository\com\google\code\gson\gson\2.8.5\gson-2.8.5.jar;C:\Users\gowtham.n\.m2\repository\org\apache\httpcomponents\httpclient\4.5.9\httpclient-4.5.9.jar;C:\Users\gowtham.n\.m2\repository\org\apache\httpcomponents\httpcore\4.4.11\httpcore-4.4.11.jar;C:\Users\gowtham.n\.m2\repository\commons-logging\commons-logging\1.2\commons-logging-1.2.jar;C:\Users\gowtham.n\.m2\repository\commons-codec\commons-codec\1.11\commons-codec-1.11.jar;C:\Users\gowtham.n\.m2\repository\cglib\cglib\3.2.12\cglib-3.2.12.jar;C:\Users\gowtham.n\.m2\repository\org\ow2\asm\asm\7.1\asm-7.1.jar;C:\Users\gowtham.n\.m2\repository\commons-validator\commons-validator\1.6\commons-validator-1.6.jar;C:\Users\gowtham.n\.m2\repository\commons-beanutils\commons-beanutils\1.9.2\commons-beanutils-1.9.2.jar;C:\Users\gowtham.n\.m2\repository\commons-digester\commons-digester\1.8.1\commons-digester-1.8.1.jar;C:\Users\gowtham.n\.m2\repository\commons-collections\commons-collections\3.2.2\commons-collections-3.2.2.jar;C:\Users\gowtham.n\.m2\repository\org\apache\commons\commons-lang3\3.9\commons-lang3-3.9.jar;C:\Users\gowtham.n\.m2\repository\commons-io\commons-io\2.6\commons-io-2.6.jar;C:\Users\gowtham.n\.m2\repository\org\springframework\spring-context\5.1.8.RELEASE\spring-context-5.1.8.RELEASE.jar;C:\Users\gowtham.n\.m2\repository\org\springframework\spring-aop\5.1.8.RELEASE\spring-aop-5.1.8.RELEASE.jar;C:\Users\gowtham.n\.m2\repository\org\springframework\spring-beans\5.1.8.RELEASE\spring-beans-5.1.8.RELEASE.jar;C:\Users\gowtham.n\.m2\repository\org\springframework\spring-core\5.1.8.RELEASE\spring-core-5.1.8.RELEASE.jar;C:\Users\gowtham.n\.m2\repository\org\springframework\spring-jcl\5.1.8.RELEASE\spring-jcl-5.1.8.RELEASE.jar;C:\Users\gowtham.n\.m2\repository\org\springframework\spring-expression\5.1.8.RELEASE\spring-expression-5.1.8.RELEASE.jar;C:\Users\gowtham.n\.m2\repository\junit\junit\4.11\junit-4.11.jar;C:\Users\gowtham.n\.m2\repository\org\hamcrest\hamcrest-core\1.3\hamcrest-core-1.3.jar;"/>
    <property name="java.vm.vendor" value="Oracle Corporation"/>
    <property name="sun.arch.data.model" value="64"/>
    <property name="user.variant" value=""/>
    <property name="java.vendor.url" value="https://java.oracle.com/"/>
    <property name="user.timezone" value="Asia/Calcutta"/>
    <property name="os.name" value="Windows 11"/>
    <property name="java.vm.specification.version" value="17"/>
    <property name="sun.java.launcher" value="SUN_STANDARD"/>
    <property name="user.country" value="US"/>
    <property name="sun.boot.library.path" value="C:\Program Files\Java\jdk-17\bin"/>
    <property name="sun.java.command" value="C:\Users\gowtham.n\AppData\Local\Temp\surefire2083190537113710411\surefirebooter-20230529154001769_3.jar C:\Users\gowtham.n\AppData\Local\Temp\surefire2083190537113710411 2023-05-29T15-40-01_118-jvmRun1 surefire-20230529154001769_1tmp surefire_0-20230529154001769_2tmp"/>
    <property name="jdk.debug" value="release"/>
    <property name="surefire.test.class.path" value="C:\Users\gowtham.n\IdeaProjects\WindowsDriver\target\test-classes;C:\Users\gowtham.n\IdeaProjects\WindowsDriver\target\classes;C:\Users\gowtham.n\.m2\repository\org\seleniumhq\selenium\selenium-java\3.141.5\selenium-java-3.141.5.jar;C:\Users\gowtham.n\.m2\repository\org\seleniumhq\selenium\selenium-api\3.141.5\selenium-api-3.141.5.jar;C:\Users\gowtham.n\.m2\repository\org\seleniumhq\selenium\selenium-chrome-driver\3.141.5\selenium-chrome-driver-3.141.5.jar;C:\Users\gowtham.n\.m2\repository\org\seleniumhq\selenium\selenium-edge-driver\3.141.5\selenium-edge-driver-3.141.5.jar;C:\Users\gowtham.n\.m2\repository\org\seleniumhq\selenium\selenium-firefox-driver\3.141.5\selenium-firefox-driver-3.141.5.jar;C:\Users\gowtham.n\.m2\repository\org\seleniumhq\selenium\selenium-ie-driver\3.141.5\selenium-ie-driver-3.141.5.jar;C:\Users\gowtham.n\.m2\repository\org\seleniumhq\selenium\selenium-opera-driver\3.141.5\selenium-opera-driver-3.141.5.jar;C:\Users\gowtham.n\.m2\repository\org\seleniumhq\selenium\selenium-remote-driver\3.141.5\selenium-remote-driver-3.141.5.jar;C:\Users\gowtham.n\.m2\repository\org\seleniumhq\selenium\selenium-safari-driver\3.141.5\selenium-safari-driver-3.141.5.jar;C:\Users\gowtham.n\.m2\repository\org\seleniumhq\selenium\selenium-support\3.141.5\selenium-support-3.141.5.jar;C:\Users\gowtham.n\.m2\repository\net\bytebuddy\byte-buddy\1.8.15\byte-buddy-1.8.15.jar;C:\Users\gowtham.n\.m2\repository\org\apache\commons\commons-exec\1.3\commons-exec-1.3.jar;C:\Users\gowtham.n\.m2\repository\com\google\guava\guava\25.0-jre\guava-25.0-jre.jar;C:\Users\gowtham.n\.m2\repository\com\google\code\findbugs\jsr305\1.3.9\jsr305-1.3.9.jar;C:\Users\gowtham.n\.m2\repository\org\checkerframework\checker-compat-qual\2.0.0\checker-compat-qual-2.0.0.jar;C:\Users\gowtham.n\.m2\repository\com\google\errorprone\error_prone_annotations\2.1.3\error_prone_annotations-2.1.3.jar;C:\Users\gowtham.n\.m2\repository\com\google\j2objc\j2objc-annotations\1.1\j2objc-annotations-1.1.jar;C:\Users\gowtham.n\.m2\repository\org\codehaus\mojo\animal-sniffer-annotations\1.14\animal-sniffer-annotations-1.14.jar;C:\Users\gowtham.n\.m2\repository\com\squareup\okhttp3\okhttp\3.11.0\okhttp-3.11.0.jar;C:\Users\gowtham.n\.m2\repository\com\squareup\okio\okio\1.14.0\okio-1.14.0.jar;C:\Users\gowtham.n\.m2\repository\org\testng\testng\7.7.1\testng-7.7.1.jar;C:\Users\gowtham.n\.m2\repository\org\slf4j\slf4j-api\1.7.36\slf4j-api-1.7.36.jar;C:\Users\gowtham.n\.m2\repository\com\beust\jcommander\1.82\jcommander-1.82.jar;C:\Users\gowtham.n\.m2\repository\org\webjars\jquery\3.6.1\jquery-3.6.1.jar;C:\Users\gowtham.n\.m2\repository\io\cucumber\cucumber-java\5.7.0\cucumber-java-5.7.0.jar;C:\Users\gowtham.n\.m2\repository\org\apiguardian\apiguardian-api\1.1.0\apiguardian-api-1.1.0.jar;C:\Users\gowtham.n\.m2\repository\io\cucumber\cucumber-testng\5.7.0\cucumber-testng-5.7.0.jar;C:\Users\gowtham.n\.m2\repository\io\cucumber\cucumber-core\5.7.0\cucumber-core-5.7.0.jar;C:\Users\gowtham.n\.m2\repository\io\cucumber\cucumber-gherkin\5.7.0\cucumber-gherkin-5.7.0.jar;C:\Users\gowtham.n\.m2\repository\io\cucumber\cucumber-gherkin-vintage\5.7.0\cucumber-gherkin-vintage-5.7.0.jar;C:\Users\gowtham.n\.m2\repository\io\cucumber\tag-expressions\2.0.4\tag-expressions-2.0.4.jar;C:\Users\gowtham.n\.m2\repository\io\cucumber\cucumber-expressions\8.3.1\cucumber-expressions-8.3.1.jar;C:\Users\gowtham.n\.m2\repository\io\cucumber\datatable\3.3.1\datatable-3.3.1.jar;C:\Users\gowtham.n\.m2\repository\io\cucumber\cucumber-plugin\5.7.0\cucumber-plugin-5.7.0.jar;C:\Users\gowtham.n\.m2\repository\io\cucumber\docstring\5.7.0\docstring-5.7.0.jar;C:\Users\gowtham.n\.m2\repository\io\qameta\allure\allure-cucumber5-jvm\2.21.0\allure-cucumber5-jvm-2.21.0.jar;C:\Users\gowtham.n\.m2\repository\io\qameta\allure\allure-java-commons\2.21.0\allure-java-commons-2.21.0.jar;C:\Users\gowtham.n\.m2\repository\io\qameta\allure\allure-model\2.21.0\allure-model-2.21.0.jar;C:\Users\gowtham.n\.m2\repository\io\cucumber\gherkin\5.1.0\gherkin-5.1.0.jar;C:\Users\gowtham.n\.m2\repository\io\cucumber\gherkin-jvm-deps\1.0.4\gherkin-jvm-deps-1.0.4.jar;C:\Users\gowtham.n\.m2\repository\org\aspectj\aspectjweaver\1.9.19\aspectjweaver-1.9.19.jar;C:\Users\gowtham.n\.m2\repository\io\qameta\allure\allure-testng\2.21.0\allure-testng-2.21.0.jar;C:\Users\gowtham.n\.m2\repository\io\qameta\allure\allure-test-filter\2.21.0\allure-test-filter-2.21.0.jar;C:\Users\gowtham.n\.m2\repository\io\cucumber\cucumber-junit\7.11.0\cucumber-junit-7.11.0.jar;C:\Users\gowtham.n\.m2\repository\io\appium\java-client\7.3.0\java-client-7.3.0.jar;C:\Users\gowtham.n\.m2\repository\com\google\code\gson\gson\2.8.5\gson-2.8.5.jar;C:\Users\gowtham.n\.m2\repository\org\apache\httpcomponents\httpclient\4.5.9\httpclient-4.5.9.jar;C:\Users\gowtham.n\.m2\repository\org\apache\httpcomponents\httpcore\4.4.11\httpcore-4.4.11.jar;C:\Users\gowtham.n\.m2\repository\commons-logging\commons-logging\1.2\commons-logging-1.2.jar;C:\Users\gowtham.n\.m2\repository\commons-codec\commons-codec\1.11\commons-codec-1.11.jar;C:\Users\gowtham.n\.m2\repository\cglib\cglib\3.2.12\cglib-3.2.12.jar;C:\Users\gowtham.n\.m2\repository\org\ow2\asm\asm\7.1\asm-7.1.jar;C:\Users\gowtham.n\.m2\repository\commons-validator\commons-validator\1.6\commons-validator-1.6.jar;C:\Users\gowtham.n\.m2\repository\commons-beanutils\commons-beanutils\1.9.2\commons-beanutils-1.9.2.jar;C:\Users\gowtham.n\.m2\repository\commons-digester\commons-digester\1.8.1\commons-digester-1.8.1.jar;C:\Users\gowtham.n\.m2\repository\commons-collections\commons-collections\3.2.2\commons-collections-3.2.2.jar;C:\Users\gowtham.n\.m2\repository\org\apache\commons\commons-lang3\3.9\commons-lang3-3.9.jar;C:\Users\gowtham.n\.m2\repository\commons-io\commons-io\2.6\commons-io-2.6.jar;C:\Users\gowtham.n\.m2\repository\org\springframework\spring-context\5.1.8.RELEASE\spring-context-5.1.8.RELEASE.jar;C:\Users\gowtham.n\.m2\repository\org\springframework\spring-aop\5.1.8.RELEASE\spring-aop-5.1.8.RELEASE.jar;C:\Users\gowtham.n\.m2\repository\org\springframework\spring-beans\5.1.8.RELEASE\spring-beans-5.1.8.RELEASE.jar;C:\Users\gowtham.n\.m2\repository\org\springframework\spring-core\5.1.8.RELEASE\spring-core-5.1.8.RELEASE.jar;C:\Users\gowtham.n\.m2\repository\org\springframework\spring-jcl\5.1.8.RELEASE\spring-jcl-5.1.8.RELEASE.jar;C:\Users\gowtham.n\.m2\repository\org\springframework\spring-expression\5.1.8.RELEASE\spring-expression-5.1.8.RELEASE.jar;C:\Users\gowtham.n\.m2\repository\junit\junit\4.11\junit-4.11.jar;C:\Users\gowtham.n\.m2\repository\org\hamcrest\hamcrest-core\1.3\hamcrest-core-1.3.jar;"/>
    <property name="sun.cpu.endian" value="little"/>
    <property name="user.home" value="C:\Users\gowtham.n"/>
    <property name="user.language" value="en"/>
    <property name="java.specification.vendor" value="Oracle Corporation"/>
    <property name="java.version.date" value="2023-04-18"/>
    <property name="java.home" value="C:\Program Files\Java\jdk-17"/>
    <property name="file.separator" value="\"/>
    <property name="basedir" value="C:\Users\gowtham.n\IdeaProjects\WindowsDriver"/>
    <property name="java.vm.compressedOopsMode" value="Zero based"/>
    <property name="line.separator" value="&#10;"/>
    <property name="java.vm.specification.vendor" value="Oracle Corporation"/>
    <property name="java.specification.name" value="Java Platform API Specification"/>
    <property name="surefire.real.class.path" value="C:\Users\gowtham.n\AppData\Local\Temp\surefire2083190537113710411\surefirebooter-20230529154001769_3.jar"/>
    <property name="user.script" value=""/>
    <property name="sun.management.compiler" value="HotSpot 64-Bit Tiered Compilers"/>
    <property name="java.runtime.version" value="17.0.7+8-LTS-224"/>
    <property name="user.name" value="Gowtham.N"/>
    <property name="path.separator" value=";"/>
    <property name="os.version" value="10.0"/>
    <property name="java.runtime.name" value="Java(TM) SE Runtime Environment"/>
    <property name="file.encoding" value="Cp1252"/>
    <property name="java.vm.name" value="Java HotSpot(TM) 64-Bit Server VM"/>
    <property name="localRepository" value="C:\Users\gowtham.n\.m2\repository"/>
    <property name="java.vendor.url.bug" value="https://bugreport.java.com/bugreport/"/>
    <property name="java.io.tmpdir" value="C:\Users\gowtham.n\AppData\Local\Temp\"/>
    <property name="java.version" value="17.0.7"/>
    <property name="user.dir" value="C:\Users\gowtham.n\IdeaProjects\WindowsDriver"/>
    <property name="os.arch" value="amd64"/>
    <property name="java.vm.specification.name" value="Java Virtual Machine Specification"/>
    <property name="sun.os.patch.level" value=""/>
    <property name="native.encoding" value="Cp1252"/>
    <property name="java.library.path" value="C:\Program Files\Java\jdk-17\bin;C:\WINDOWS\Sun\Java\bin;C:\WINDOWS\system32;C:\WINDOWS;C:\Program Files\Common Files\Oracle\Java\javapath;C:\WINDOWS\system32;C:\WINDOWS;C:\WINDOWS\System32\Wbem;C:\WINDOWS\System32\WindowsPowerShell\v1.0\;C:\WINDOWS\System32\OpenSSH\;C:\Program Files\Java\jdk-18\bin;C:\Users\gowtham.n\Downloads\apache-maven-3.8.6-bin\apache-maven-3.8.6\bin;C:\Program Files\nodejs\bin;C:\Users\gowtham.n\AppData\Local\Android\Sdk\tools\bin;C:\Users\gowtham.n\AppData\Local\Android\Sdk\tools;C:\Program Files\nodejs\node_modules\npm\bin;C:\Users\gowtham.n\AppData\Local\Microsoft\WindowsApps;C:\Users\gowtham.n\Downloads\allure-commandline-2.21.0\allure-2.21.0\bin;C:\Program Files\nodejs\bin;C:\Users\gowtham.n\git\Git\cmd;."/>
    <property name="java.vm.info" value="mixed mode, sharing"/>
    <property name="java.vendor" value="Oracle Corporation"/>
    <property name="java.vm.version" value="17.0.7+8-LTS-224"/>
    <property name="sun.io.unicode.encoding" value="UnicodeLittle"/>
    <property name="java.class.version" value="61.0"/>
  </properties>
  <testcase name="runScenario[&quot;calculate the Arithmetic Operations with WholeNumbers&quot;, &quot;Automate Calculator Using WinAppDriver&quot;](1)" classname="TestRunner.Runner" time="17.187">
    <system-out><![CDATA[
@ArithmeticOperation1
Scenario Outline: calculate the Arithmetic Operations with WholeNumbers          # src/test/java/FeatureFile/Calculator.feature:10
  Given User is able to Open the  Windows Calculator                             # StepDefination.CalculatorSteps.user_is_able_to_Open_the_Windows_Calculator()
  When User is able Select the two Number "234" and "126" perform the "Addition" # StepDefination.CalculatorSteps.user_is_able_Select_the_two_Number_and_perform_the(java.lang.String,java.lang.String,java.lang.String)
Display is 360
ActualResults is 360
ExpectedResults is 360
  When get the operation results of "234" and "126" "Addition"                   # StepDefination.CalculatorSteps.get_the_operation_results_of_and(java.lang.String,java.lang.String,java.lang.String)
  Then Verify the Results                                                        # StepDefination.CalculatorSteps.verify_the_Results()
]]></system-out>
    <system-err><![CDATA[SLF4J: Failed to load class "org.slf4j.impl.StaticLoggerBinder".
SLF4J: Defaulting to no-operation (NOP) logger implementation
SLF4J: See http://www.slf4j.org/codes.html#StaticLoggerBinder for further details.
May 29, 2023 3:40:03 PM io.cucumber.testng.TestNGCucumberRunner <init>
WARNING: By default Cucumber is running in --non-strict mode.
This default will change to --strict and --non-strict will be removed.
You can use --strict or @CucumberOptions(strict = true) to suppress this warning
May 29, 2023 3:40:09 PM io.appium.java_client.remote.AppiumCommandExecutor$1 lambda$0
INFO: Detected dialect: OSS
]]></system-err>
  </testcase>
  <testcase name="runScenario[&quot;calculate the Arithmetic Operations with WholeNumbers&quot;, &quot;Automate Calculator Using WinAppDriver&quot;](2)" classname="TestRunner.Runner" time="17.254">
    <system-out><![CDATA[
@ArithmeticOperation1
Scenario Outline: calculate the Arithmetic Operations with WholeNumbers             # src/test/java/FeatureFile/Calculator.feature:11
  Given User is able to Open the  Windows Calculator                                # StepDefination.CalculatorSteps.user_is_able_to_Open_the_Windows_Calculator()
  When User is able Select the two Number "654" and "345" perform the "Subtraction" # StepDefination.CalculatorSteps.user_is_able_Select_the_two_Number_and_perform_the(java.lang.String,java.lang.String,java.lang.String)
Display is 309
ActualResults is 309
ExpectedResults is 309
  When get the operation results of "654" and "345" "Subtraction"                   # StepDefination.CalculatorSteps.get_the_operation_results_of_and(java.lang.String,java.lang.String,java.lang.String)
  Then Verify the Results                                                           # StepDefination.CalculatorSteps.verify_the_Results()
]]></system-out>
    <system-err><![CDATA[May 29, 2023 3:40:26 PM io.appium.java_client.remote.AppiumCommandExecutor$1 lambda$0
INFO: Detected dialect: OSS
]]></system-err>
  </testcase>
  <testcase name="runScenario[&quot;calculate the Arithmetic Operations with WholeNumbers&quot;, &quot;Automate Calculator Using WinAppDriver&quot;](3)" classname="TestRunner.Runner" time="17.848">
    <system-out><![CDATA[
@ArithmeticOperation1
Scenario Outline: calculate the Arithmetic Operations with WholeNumbers                # src/test/java/FeatureFile/Calculator.feature:12
  Given User is able to Open the  Windows Calculator                                   # StepDefination.CalculatorSteps.user_is_able_to_Open_the_Windows_Calculator()
  When User is able Select the two Number "247" and "375" perform the "Multiplication" # StepDefination.CalculatorSteps.user_is_able_Select_the_two_Number_and_perform_the(java.lang.String,java.lang.String,java.lang.String)
Display is 92,625
ExpectedResults is 92625
  When get the operation results of "247" and "375" "Multiplication"                   # StepDefination.CalculatorSteps.get_the_operation_results_of_and(java.lang.String,java.lang.String,java.lang.String)
  Then Verify the Results                                                              # StepDefination.CalculatorSteps.verify_the_Results()
]]></system-out>
    <system-err><![CDATA[May 29, 2023 3:40:43 PM io.appium.java_client.remote.AppiumCommandExecutor$1 lambda$0
INFO: Detected dialect: OSS
]]></system-err>
  </testcase>
  <testcase name="runScenario[&quot;calculate the Arithmetic Operations with WholeNumbers&quot;, &quot;Automate Calculator Using WinAppDriver&quot;](4)" classname="TestRunner.Runner" time="16.375">
    <system-out><![CDATA[
@ArithmeticOperation1
Scenario Outline: calculate the Arithmetic Operations with WholeNumbers          # src/test/java/FeatureFile/Calculator.feature:13
  Given User is able to Open the  Windows Calculator                             # StepDefination.CalculatorSteps.user_is_able_to_Open_the_Windows_Calculator()
  When User is able Select the two Number "596" and "896" perform the "Division" # StepDefination.CalculatorSteps.user_is_able_Select_the_two_Number_and_perform_the(java.lang.String,java.lang.String,java.lang.String)
Display is 0.6651785714285714
ExpectedResults is 0.6651785714285714
  When get the operation results of "596" and "896" "Division"                   # StepDefination.CalculatorSteps.get_the_operation_results_of_and(java.lang.String,java.lang.String,java.lang.String)
  Then Verify the Results                                                        # StepDefination.CalculatorSteps.verify_the_Results()
]]></system-out>
    <system-err><![CDATA[May 29, 2023 3:41:01 PM io.appium.java_client.remote.AppiumCommandExecutor$1 lambda$0
INFO: Detected dialect: OSS
]]></system-err>
  </testcase>
  <testcase name="runScenario[&quot;calculate the Arithmetic Operations with DecimalNumbers&quot;, &quot;Automate Calculator Using WinAppDriver&quot;](5)" classname="TestRunner.Runner" time="26.322">
    <system-out><![CDATA[
@ArithmeticOperation2
Scenario Outline: calculate the Arithmetic Operations with DecimalNumbers                         # src/test/java/FeatureFile/Calculator.feature:22
  Given User is able to Open the  Windows Calculator                                              # StepDefination.CalculatorSteps.user_is_able_to_Open_the_Windows_Calculator()
  When User is able Select the two decimalNumber "123.1234" and "212.4321" perform the "Addition" # StepDefination.CalculatorSteps.user_is_able_Select_the_two_decimalNumber_and_perform_the(java.lang.String,java.lang.String,java.lang.String)
Display is 335.5555
  When get the operation results of decimalNumbers "123.1234" and "212.4321" "Addition"           # StepDefination.CalculatorSteps.get_the_operation_results_of_decimalNumbers_and(java.lang.String,java.lang.String,java.lang.String)
  Then Verify the Results                                                                         # StepDefination.CalculatorSteps.verify_the_Results()
]]></system-out>
    <system-err><![CDATA[May 29, 2023 3:41:17 PM io.appium.java_client.remote.AppiumCommandExecutor$1 lambda$0
INFO: Detected dialect: OSS
]]></system-err>
  </testcase>
  <testcase name="runScenario[&quot;calculate the Arithmetic Operations with DecimalNumbers&quot;, &quot;Automate Calculator Using WinAppDriver&quot;](6)" classname="TestRunner.Runner" time="17.167">
    <system-out><![CDATA[
@ArithmeticOperation2
Scenario Outline: calculate the Arithmetic Operations with DecimalNumbers                    # src/test/java/FeatureFile/Calculator.feature:23
  Given User is able to Open the  Windows Calculator                                         # StepDefination.CalculatorSteps.user_is_able_to_Open_the_Windows_Calculator()
  When User is able Select the two decimalNumber "6.54" and "3.45" perform the "Subtraction" # StepDefination.CalculatorSteps.user_is_able_Select_the_two_decimalNumber_and_perform_the(java.lang.String,java.lang.String,java.lang.String)
Display is 3.09
  When get the operation results of decimalNumbers "6.54" and "3.45" "Subtraction"           # StepDefination.CalculatorSteps.get_the_operation_results_of_decimalNumbers_and(java.lang.String,java.lang.String,java.lang.String)
  Then Verify the Results                                                                    # StepDefination.CalculatorSteps.verify_the_Results()
]]></system-out>
    <system-err><![CDATA[May 29, 2023 3:41:43 PM io.appium.java_client.remote.AppiumCommandExecutor$1 lambda$0
INFO: Detected dialect: OSS
]]></system-err>
  </testcase>
  <testcase name="runScenario[&quot;calculate the Arithmetic Operations with DecimalNumbers&quot;, &quot;Automate Calculator Using WinAppDriver&quot;](7)" classname="TestRunner.Runner" time="23.981">
    <system-out><![CDATA[
@ArithmeticOperation2
Scenario Outline: calculate the Arithmetic Operations with DecimalNumbers                             # src/test/java/FeatureFile/Calculator.feature:24
  Given User is able to Open the  Windows Calculator                                                  # StepDefination.CalculatorSteps.user_is_able_to_Open_the_Windows_Calculator()
  When User is able Select the two decimalNumber "20.766" and "30.65453" perform the "Multiplication" # StepDefination.CalculatorSteps.user_is_able_Select_the_two_decimalNumber_and_perform_the(java.lang.String,java.lang.String,java.lang.String)
Display is 636.57196998
  When get the operation results of decimalNumbers "20.766" and "30.65453" "Multiplication"           # StepDefination.CalculatorSteps.get_the_operation_results_of_decimalNumbers_and(java.lang.String,java.lang.String,java.lang.String)
  Then Verify the Results                                                                             # StepDefination.CalculatorSteps.verify_the_Results()
]]></system-out>
    <system-err><![CDATA[May 29, 2023 3:42:00 PM io.appium.java_client.remote.AppiumCommandExecutor$1 lambda$0
INFO: Detected dialect: OSS
]]></system-err>
  </testcase>
  <testcase name="runScenario[&quot;calculate the Arithmetic Operations with DecimalNumbers&quot;, &quot;Automate Calculator Using WinAppDriver&quot;](8)" classname="TestRunner.Runner" time="17.889">
    <system-out><![CDATA[
@ArithmeticOperation2
Scenario Outline: calculate the Arithmetic Operations with DecimalNumbers                 # src/test/java/FeatureFile/Calculator.feature:25
  Given User is able to Open the  Windows Calculator                                      # StepDefination.CalculatorSteps.user_is_able_to_Open_the_Windows_Calculator()
  When User is able Select the two decimalNumber "5.96" and "8.96" perform the "Division" # StepDefination.CalculatorSteps.user_is_able_Select_the_two_decimalNumber_and_perform_the(java.lang.String,java.lang.String,java.lang.String)
Display is 0.6651785714285714
  When get the operation results of decimalNumbers "5.96" and "8.96" "Division"           # StepDefination.CalculatorSteps.get_the_operation_results_of_decimalNumbers_and(java.lang.String,java.lang.String,java.lang.String)
  Then Verify the Results                                                                 # StepDefination.CalculatorSteps.verify_the_Results()
]]></system-out>
    <system-err><![CDATA[May 29, 2023 3:42:24 PM io.appium.java_client.remote.AppiumCommandExecutor$1 lambda$0
INFO: Detected dialect: OSS
]]></system-err>
  </testcase>
</testsuite>