<?xml version="1.0" encoding="UTF-8"?>
<!-- Generated by org.testng.reporters.JUnitReportReporter -->
<testsuite hostname="QT-INBG-LT0454" failures="0" tests="8" name="TestRunner.Runner" time="153.982" errors="0" timestamp="2023-05-29T15:42:39 IST" skipped="0">
  <testcase classname="TestRunner.Runner" name="runScenario" time="17.173"/>
  <system-out/>
  <testcase classname="TestRunner.Runner" name="runScenario" time="23.981"/>
  <system-out/>
  <testcase classname="TestRunner.Runner" name="runScenario" time="16.374"/>
  <system-out/>
  <testcase classname="TestRunner.Runner" name="runScenario" time="26.317"/>
  <system-out/>
  <testcase classname="TestRunner.Runner" name="runScenario" time="17.250"/>
  <system-out/>
  <testcase classname="TestRunner.Runner" name="runScenario" time="17.843"/>
  <system-out/>
  <testcase classname="TestRunner.Runner" name="runScenario" time="17.164"/>
  <system-out/>
  <testcase classname="TestRunner.Runner" name="runScenario" time="17.880"/>
  <system-out/>
</testsuite> <!-- TestRunner.Runner -->
